<?xml version="1.0" encoding="UTF-8"?>
<testsuite name="stepdefinitions.RunTest" tests="0" skipped="0" failures="0" errors="0" timestamp="1970-01-01T00:00:00" hostname="Beytullahs-MBP" time="0.0">
  <properties/>
  <system-out><![CDATA[Feature: Sample feature

  @Tag
  Scenario: Sample Scenario: New user onboarding # ./build/resources/test/Sample.feature:4

1 Scenarios (1 passed)
2 Steps (2 passed)
0m3.637s

]]></system-out>
  <system-err><![CDATA[]]></system-err>
</testsuite>
